Arguments: 
  /usr/bin/node /home/keebi/.yarn/bin/yarn.js install

PATH: 
  /home/keebi/.yarn/bin:/home/keebi/.config/yarn/global/node_modules/.bin:/home/keebi/.rvm/gems/ruby-3.0.0/bin:/home/keebi/.rvm/gems/ruby-3.0.0@global/bin:/home/keebi/.rvm/rubies/ruby-3.0.0/bin:/usr/local/sbin:/usr/local/bin:/usr/sbin:/usr/bin:/sbin:/bin:/usr/games:/usr/local/games:/snap/bin:/home/keebi/.rvm/bin:/home/keebi/.rvm/bin:/home/keebi/.rvm/bin

Yarn version: 
  1.22.17

Node version: 
  16.13.2

Platform: 
  linux x64

Trace: 
  SyntaxError: /home/keebi/Рабочий стол/rubyProj/ruby-test-task/package.json: Unexpected string in JSON at position 149
      at JSON.parse (<anonymous>)
      at /home/keebi/.yarn/lib/cli.js:1625:59
      at Generator.next (<anonymous>)
      at step (/home/keebi/.yarn/lib/cli.js:310:30)
      at /home/keebi/.yarn/lib/cli.js:321:13

npm manifest: 
  {
    "name": "ruby-test-task",
    "private": true,
    "license": "UNLICENSED",
    "scripts": {
      "build": "babel src -d lib",
      "test": "jest"
    }
    "engines": {
      "node": "16.x"
    }
  }

yarn manifest: 
  No manifest

Lockfile: 
  # THIS IS AN AUTOGENERATED FILE. DO NOT EDIT THIS FILE DIRECTLY.
  # yarn lockfile v1
